Start testing: Jun 08 19:08 Belarus Standard Time
----------------------------------------------------------
1/2 Testing: check_check
1/2 Test: check_check
Command: "F:/ProjectExt/check-vs/tests/Debug/check_check.exe"
Directory: F:/ProjectExt/check-vs
"check_check" start time: Jun 08 19:08 Belarus Standard Time
Output:
----------------------------------------------------------
Running suite(s): Fork Sub
100%: Checks: 3, Failures: 0, Errors: 0
F:\ProjectExt\check-vs\check\tests\check_check_fork.c:38:P:Core:test_inc:0: Passed
F:\ProjectExt\check-vs\check\tests\check_check_fork.c:47:P:Core:test_nofork_sideeffects:0: Passed
F:\ProjectExt\check-vs\check\tests\check_check_fork.c:54:P:Core:test_nofork_pid:0: Passed
Running suite(s): Fix Sub
0%: Checks: 1, Failures: 1, Errors: 0
F:\ProjectExt\check-vs\check\tests\check_check_fixture.c:36:S:Fix Sub:unchecked_setup:0: Test failure in fixture
Running suite(s): Check Servant
Running suite(s):100%: Checks: 0, Failures: 0, Errors: 0
 Check Servant2
10%: Checks: 56, Failures: 50, Errors: 0
F:\ProjectExt\check-vs\check\tests\check_check_sub.c:32:F:Simple Tests:test_lno:0: Failure expected
F:\ProjectExt\check-vs\check\tests\check_check_sub.c:49:P:Simple Tests:test_pass:0: Passed
F:\ProjectExt\check-vs\check\tests\check_check_sub.c:56:F:Simple Tests:test_fail_unless:0: This test should fail
F:\ProjectExt\check-vs\check\tests\check_check_sub.c:63:P:Simple Tests:test_fail_if_pass:0: Passed
F:\ProjectExt\check-vs\check\tests\check_check_sub.c:70:F:Simple Tests:test_fail_if_fail:0: This test should fail
F:\ProjectExt\check-vs\check\tests\check_check_sub.c:77:F:Simple Tests:test_fail_null_msg:0: Assertion '2 == 3' failed
F:\ProjectExt\check-vs\check\tests\check_check_sub.c:92:F:Simple Tests:test_fail_if_null_msg:0: Failure '2 != 3' occurred
F:\ProjectExt\check-vs\check\tests\check_check_sub.c:109:F:Simple Tests:test_fail_vararg_msg_1:0: 3 != 4
F:\ProjectExt\check-vs\check\tests\check_check_sub.c:118:F:Simple Tests:test_fail_vararg_msg_2:0: 5 != 6
F:\ProjectExt\check-vs\check\tests\check_check_sub.c:127:F:Simple Tests:test_fail_vararg_msg_3:0: 7 == 7
F:\ProjectExt\check-vs\check\tests\check_check_sub.c:144:F:Simple Tests:test_ck_abort:0: Failed
F:\ProjectExt\check-vs\check\tests\check_check_sub.c:151:F:Simple Tests:test_ck_abort_msg:0: Failure expected
F:\ProjectExt\check-vs\check\tests\check_check_sub.c:159:F:Simple Tests:test_ck_abort_msg_null:0: Failed
F:\ProjectExt\check-vs\check\tests\check_check_sub.c:175:F:Simple Tests:test_ck_assert:0: Assertion 'x == y' failed
F:\ProjectExt\check-vs\check\tests\check_check_sub.c:182:F:Simple Tests:test_ck_assert_null:0: Assertion '0' failed
F:\ProjectExt\check-vs\check\tests\check_check_sub.c:190:F:Simple Tests:test_ck_assert_with_mod:0: Assertion '1%f == 1' failed
F:\ProjectExt\check-vs\check\tests\check_check_sub.c:201:F:Simple Tests:test_ck_assert_int_eq:0: Assertion 'x == y' failed: x == 3, y == 4
F:\ProjectExt\check-vs\check\tests\check_check_sub.c:210:F:Simple Tests:test_ck_assert_int_eq_with_mod:0: Assertion '3%d == 2%f' failed: 3%d == 1, 2%f == 0
F:\ProjectExt\check-vs\check\tests\check_check_sub.c:221:F:Simple Tests:test_ck_assert_int_ne:0: Assertion 'x != y' failed: x == 3, y == 3
F:\ProjectExt\check-vs\check\tests\check_check_sub.c:230:F:Simple Tests:test_ck_assert_int_ne_with_mod:0: Assertion '3%d != 3%f' failed: 3%d == 1, 3%f == 1
F:\ProjectExt\check-vs\check\tests\check_check_sub.c:240:F:Simple Tests:test_ck_assert_int_lt:0: Assertion 'x < x' failed: x == 2, x == 2
F:\ProjectExt\check-vs\check\tests\check_check_sub.c:249:F:Simple Tests:test_ck_assert_int_lt_with_mod:0: Assertion '3%d < 3%f' failed: 3%d == 1, 3%f == 0
F:\ProjectExt\check-vs\check\tests\check_check_sub.c:260:F:Simple Tests:test_ck_assert_int_le:0: Assertion 'y <= x' failed: y == 3, x == 2
F:\ProjectExt\check-vs\check\tests\check_check_sub.c:269:F:Simple Tests:test_ck_assert_int_le_with_mod:0: Assertion '3%d <= 2%f' failed: 3%d == 1, 2%f == 0
F:\ProjectExt\check-vs\check\tests\check_check_sub.c:279:F:Simple Tests:test_ck_assert_int_gt:0: Assertion 'y > y' failed: y == 3, y == 3
F:\ProjectExt\check-vs\check\tests\check_check_sub.c:288:F:Simple Tests:test_ck_assert_int_gt_with_mod:0: Assertion '3%d > 3%f' failed: 3%d == 0, 3%f == 1
F:\ProjectExt\check-vs\check\tests\check_check_sub.c:299:F:Simple Tests:test_ck_assert_int_ge:0: Assertion 'x >= y' failed: x == 2, y == 3
F:\ProjectExt\check-vs\check\tests\check_check_sub.c:308:F:Simple Tests:test_ck_assert_int_ge_with_mod:0: Assertion '3%d >= 4%f' failed: 3%d == 0, 4%f == 1
F:\ProjectExt\check-vs\check\tests\check_check_sub.c:317:P:Simple Tests:test_ck_assert_int_expr:0: Passed
F:\ProjectExt\check-vs\check\tests\check_check_sub.c:327:F:Simple Tests:test_ck_assert_uint_eq:0: Assertion 'x == y' failed: x == 3, y == 4
F:\ProjectExt\check-vs\check\tests\check_check_sub.c:336:F:Simple Tests:test_ck_assert_uint_eq_with_mod:0: Assertion '3%d == 1%f' failed: 3%d == 1, 1%f == 0
F:\ProjectExt\check-vs\check\tests\check_check_sub.c:347:F:Simple Tests:test_ck_assert_uint_ne:0: Assertion 'x != y' failed: x == 3, y == 3
F:\ProjectExt\check-vs\check\tests\check_check_sub.c:356:F:Simple Tests:test_ck_assert_uint_ne_with_mod:0: Assertion '1%d != 1%f' failed: 1%d == 0, 1%f == 0
F:\ProjectExt\check-vs\check\tests\check_check_sub.c:366:F:Simple Tests:test_ck_assert_uint_lt:0: Assertion 'x < x' failed: x == 2, x == 2
F:\ProjectExt\check-vs\check\tests\check_check_sub.c:375:F:Simple Tests:test_ck_assert_uint_lt_with_mod:0: Assertion '3%d < 1%f' failed: 3%d == 1, 1%f == 0
F:\ProjectExt\check-vs\check\tests\check_check_sub.c:386:F:Simple Tests:test_ck_assert_uint_le:0: Assertion 'y <= x' failed: y == 3, x == 2
F:\ProjectExt\check-vs\check\tests\check_check_sub.c:395:F:Simple Tests:test_ck_assert_uint_le_with_mod:0: Assertion '3%d <= 1%f' failed: 3%d == 1, 1%f == 0
F:\ProjectExt\check-vs\check\tests\check_check_sub.c:405:F:Simple Tests:test_ck_assert_uint_gt:0: Assertion 'y > y' failed: y == 3, y == 3
F:\ProjectExt\check-vs\check\tests\check_check_sub.c:414:F:Simple Tests:test_ck_assert_uint_gt_with_mod:0: Assertion '1%d > 3%f' failed: 1%d == 0, 3%f == 1
F:\ProjectExt\check-vs\check\tests\check_check_sub.c:425:F:Simple Tests:test_ck_assert_uint_ge:0: Assertion 'x >= y' failed: x == 2, y == 3
F:\ProjectExt\check-vs\check\tests\check_check_sub.c:434:F:Simple Tests:test_ck_assert_uint_ge_with_mod:0: Assertion '1%d >= 3%f' failed: 1%d == 0, 3%f == 1
F:\ProjectExt\check-vs\check\tests\check_check_sub.c:443:P:Simple Tests:test_ck_assert_uint_expr:0: Passed
F:\ProjectExt\check-vs\check\tests\check_check_sub.c:457:F:Simple Tests:test_percent_n_escaped:0: Assertion 'returnsZero("%n") == 1' failed: returnsZero("%n") == 0, 1 == 1
F:\ProjectExt\check-vs\check\tests\check_check_sub.c:465:F:Simple Tests:test_ck_assert_str_eq:0: Assertion '"test1" == s' failed: "test1" == "test1", s == "test2"
F:\ProjectExt\check-vs\check\tests\check_check_sub.c:476:F:Simple Tests:test_ck_assert_str_ne:0: Assertion 't != s' failed: t == "test2", s == "test2"
F:\ProjectExt\check-vs\check\tests\check_check_sub.c:486:F:Simple Tests:test_ck_assert_str_lt:0: Assertion 's < s' failed: s == "test1", s == "test1"
F:\ProjectExt\check-vs\check\tests\check_check_sub.c:497:F:Simple Tests:test_ck_assert_str_le:0: Assertion 't <= s' failed: t == "test2", s == "test1"
F:\ProjectExt\check-vs\check\tests\check_check_sub.c:507:F:Simple Tests:test_ck_assert_str_gt:0: Assertion 't > t' failed: t == "test2", t == "test2"
F:\ProjectExt\check-vs\check\tests\check_check_sub.c:518:F:Simple Tests:test_ck_assert_str_ge:0: Assertion 's >= t' failed: s == "test1", t == "test2"
F:\ProjectExt\check-vs\check\tests\check_check_sub.c:528:P:Simple Tests:test_ck_assert_str_expr:0: Passed
F:\ProjectExt\check-vs\check\tests\check_check_sub.c:539:F:Simple Tests:test_ck_assert_ptr_eq:0: Assertion 'x == y' failed: x == 0x1, y == 0x2
F:\ProjectExt\check-vs\check\tests\check_check_sub.c:552:F:Simple Tests:test_ck_assert_ptr_ne:0: Assertion 'x != z' failed: x == 0x1, z == 0x1
F:\ProjectExt\check-vs\check\tests\check_check_sub.c:718:F:Limit Tests:test_null:0: Completed properly
F:\ProjectExt\check-vs\check\tests\check_check_sub.c:730:F:Limit Tests:test_null_2:0: Completed properly
F:\ProjectExt\check-vs\check\tests\check_check_sub.c:882:P:Core:test_srunner:0: Passed
F:\ProjectExt\check-vs\check\tests\check_check_sub.c:890:F:Core:test_2nd_suite:0: We failed
Ran 56 tests in subordinate suite
Running suite(s): Master
 Lists
 Msg
 Log
 Log
 Limit
Running suite(s): Empty
100%: Checks: 0, Failures: 0, Errors: 0
 Fork
 Fixture
 Pack
 SelectiveTesting
Running suite(s): suite1
 suite2
100%: Checks: 3, Failures: 0, Errors: 0
F:\ProjectExt\check-vs\check\tests\check_check_selective.c:40:P:tcase11:test_tc11:0: Passed
F:\ProjectExt\check-vs\check\tests\check_check_selective.c:46:P:tcase12:test_tc12:0: Passed
F:\ProjectExt\check-vs\check\tests\check_check_selective.c:52:P:tcase21:test_tc21:0: Passed
Running suite(s): suite1
100%: Checks: 5, Failures: 0, Errors: 0
F:\ProjectExt\check-vs\check\tests\check_check_selective.c:40:P:tcase11:test_tc11:0: Passed
F:\ProjectExt\check-vs\check\tests\check_check_selective.c:46:P:tcase12:test_tc12:0: Passed
F:\ProjectExt\check-vs\check\tests\check_check_selective.c:52:P:tcase21:test_tc21:0: Passed
F:\ProjectExt\check-vs\check\tests\check_check_selective.c:40:P:tcase11:test_tc11:0: Passed
F:\ProjectExt\check-vs\check\tests\check_check_selective.c:46:P:tcase12:test_tc12:0: Passed
Running suite(s):100%: Checks: 5, Failures: 0, Errors: 0
F:\ProjectExt\check-vs\check\tests\check_check_selective.c:40:P:tcase11:test_tc11:0: Passed
F:\ProjectExt\check-vs\check\tests\check_check_selective.c:46:P:tcase12:test_tc12:0: Passed
F:\ProjectExt\check-vs\check\tests\check_check_selective.c:52:P:tcase21:test_tc21:0: Passed
F:\ProjectExt\check-vs\check\tests\check_check_selective.c:40:P:tcase11:test_tc11:0: Passed
F:\ProjectExt\check-vs\check\tests\check_check_selective.c:46:P:tcase12:test_tc12:0: Passed
Running suite(s): suite1
100%: Checks: 6, Failures: 0, Errors: 0
F:\ProjectExt\check-vs\check\tests\check_check_selective.c:40:P:tcase11:test_tc11:0: Passed
F:\ProjectExt\check-vs\check\tests\check_check_selective.c:46:P:tcase12:test_tc12:0: Passed
F:\ProjectExt\check-vs\check\tests\check_check_selective.c:52:P:tcase21:test_tc21:0: Passed
F:\ProjectExt\check-vs\check\tests\check_check_selective.c:40:P:tcase11:test_tc11:0: Passed
F:\ProjectExt\check-vs\check\tests\check_check_selective.c:46:P:tcase12:test_tc12:0: Passed
F:\ProjectExt\check-vs\check\tests\check_check_selective.c:46:P:tcase12:test_tc12:0: Passed
Running suite(s):100%: Checks: 6, Failures: 0, Errors: 0
F:\ProjectExt\check-vs\check\tests\check_check_selective.c:40:P:tcase11:test_tc11:0: Passed
F:\ProjectExt\check-vs\check\tests\check_check_selective.c:46:P:tcase12:test_tc12:0: Passed
F:\ProjectExt\check-vs\check\tests\check_check_selective.c:52:P:tcase21:test_tc21:0: Passed
F:\ProjectExt\check-vs\check\tests\check_check_selective.c:40:P:tcase11:test_tc11:0: Passed
F:\ProjectExt\check-vs\check\tests\check_check_selective.c:46:P:tcase12:test_tc12:0: Passed
F:\ProjectExt\check-vs\check\tests\check_check_selective.c:46:P:tcase12:test_tc12:0: Passed
Running suite(s): suite2
100%: Checks: 7, Failures: 0, Errors: 0
F:\ProjectExt\check-vs\check\tests\check_check_selective.c:40:P:tcase11:test_tc11:0: Passed
F:\ProjectExt\check-vs\check\tests\check_check_selective.c:46:P:tcase12:test_tc12:0: Passed
F:\ProjectExt\check-vs\check\tests\check_check_selective.c:52:P:tcase21:test_tc21:0: Passed
F:\ProjectExt\check-vs\check\tests\check_check_selective.c:40:P:tcase11:test_tc11:0: Passed
F:\ProjectExt\check-vs\check\tests\check_check_selective.c:46:P:tcase12:test_tc12:0: Passed
F:\ProjectExt\check-vs\check\tests\check_check_selective.c:46:P:tcase12:test_tc12:0: Passed
F:\ProjectExt\check-vs\check\tests\check_check_selective.c:52:P:tcase21:test_tc21:0: Passed
Running suite(s):100%: Checks: 7, Failures: 0, Errors: 0
F:\ProjectExt\check-vs\check\tests\check_check_selective.c:40:P:tcase11:test_tc11:0: Passed
F:\ProjectExt\check-vs\check\tests\check_check_selective.c:46:P:tcase12:test_tc12:0: Passed
F:\ProjectExt\check-vs\check\tests\check_check_selective.c:52:P:tcase21:test_tc21:0: Passed
F:\ProjectExt\check-vs\check\tests\check_check_selective.c:40:P:tcase11:test_tc11:0: Passed
F:\ProjectExt\check-vs\check\tests\check_check_selective.c:46:P:tcase12:test_tc12:0: Passed
F:\ProjectExt\check-vs\check\tests\check_check_selective.c:46:P:tcase12:test_tc12:0: Passed
F:\ProjectExt\check-vs\check\tests\check_check_selective.c:52:P:tcase21:test_tc21:0: Passed
100%: Checks: 220, Failures: 0, Errors: 0
F:\ProjectExt\check-vs\check\tests\check_check_master.c:281:P:Core Tests:test_check_nfailures:0: Passed
F:\ProjectExt\check-vs\check\tests\check_check_master.c:288:P:Core Tests:test_check_ntests_run:0: Passed
F:\ProjectExt\check-vs\check\tests\check_check_master.c:339:P:Core Tests:test_check_failure_msgs:0: Passed
F:\ProjectExt\check-vs\check\tests\check_check_master.c:424:P:Core Tests:test_check_failure_ftypes:0: Passed
F:\ProjectExt\check-vs\check\tests\check_check_master.c:404:P:Core Tests:test_check_failure_lnos:0: Passed
F:\ProjectExt\check-vs\check\tests\check_check_master.c:437:P:Core Tests:test_check_failure_lfiles:0: Passed
F:\ProjectExt\check-vs\check\tests\check_check_master.c:442:P:Core Tests:test_check_tcnames:0: Passed
F:\ProjectExt\check-vs\check\tests\check_check_master.c:442:P:Core Tests:test_check_tcnames:1: Passed
F:\ProjectExt\check-vs\check\tests\check_check_master.c:442:P:Core Tests:test_check_tcnames:2: Passed
F:\ProjectExt\check-vs\check\tests\check_check_master.c:442:P:Core Tests:test_check_tcnames:3: Passed
F:\ProjectExt\check-vs\check\tests\check_check_master.c:442:P:Core Tests:test_check_tcnames:4: Passed
F:\ProjectExt\check-vs\check\tests\check_check_master.c:442:P:Core Tests:test_check_tcnames:5: Passed
F:\ProjectExt\check-vs\check\tests\check_check_master.c:442:P:Core Tests:test_check_tcnames:6: Passed
F:\ProjectExt\check-vs\check\tests\check_check_master.c:442:P:Core Tests:test_check_tcnames:7: Passed
F:\ProjectExt\check-vs\check\tests\check_check_master.c:442:P:Core Tests:test_check_tcnames:8: Passed
F:\ProjectExt\check-vs\check\tests\check_check_master.c:442:P:Core Tests:test_check_tcnames:9: Passed
F:\ProjectExt\check-vs\check\tests\check_check_master.c:442:P:Core Tests:test_check_tcnames:10: Passed
F:\ProjectExt\check-vs\check\tests\check_check_master.c:442:P:Core Tests:test_check_tcnames:11: Passed
F:\ProjectExt\check-vs\check\tests\check_check_master.c:442:P:Core Tests:test_check_tcnames:12: Passed
F:\ProjectExt\check-vs\check\tests\check_check_master.c:442:P:Core Tests:test_check_tcnames:13: Passed
F:\ProjectExt\check-vs\check\tests\check_check_master.c:442:P:Core Tests:test_check_tcnames:14: Passed
F:\ProjectExt\check-vs\check\tests\check_check_master.c:442:P:Core Tests:test_check_tcnames:15: Passed
F:\ProjectExt\check-vs\check\tests\check_check_master.c:442:P:Core Tests:test_check_tcnames:16: Passed
F:\ProjectExt\check-vs\check\tests\check_check_master.c:442:P:Core Tests:test_check_tcnames:17: Passed
F:\ProjectExt\check-vs\check\tests\check_check_master.c:442:P:Core Tests:test_check_tcnames:18: Passed
F:\ProjectExt\check-vs\check\tests\check_check_master.c:442:P:Core Tests:test_check_tcnames:19: Passed
F:\ProjectExt\check-vs\check\tests\check_check_master.c:442:P:Core Tests:test_check_tcnames:20: Passed
F:\ProjectExt\check-vs\check\tests\check_check_master.c:442:P:Core Tests:test_check_tcnames:21: Passed
F:\ProjectExt\check-vs\check\tests\check_check_master.c:442:P:Core Tests:test_check_tcnames:22: Passed
F:\ProjectExt\check-vs\check\tests\check_check_master.c:442:P:Core Tests:test_check_tcnames:23: Passed
F:\ProjectExt\check-vs\check\tests\check_check_master.c:442:P:Core Tests:test_check_tcnames:24: Passed
F:\ProjectExt\check-vs\check\tests\check_check_master.c:442:P:Core Tests:test_check_tcnames:25: Passed
F:\ProjectExt\check-vs\check\tests\check_check_master.c:442:P:Core Tests:test_check_tcnames:26: Passed
F:\ProjectExt\check-vs\check\tests\check_check_master.c:442:P:Core Tests:test_check_tcnames:27: Passed
F:\ProjectExt\check-vs\check\tests\check_check_master.c:442:P:Core Tests:test_check_tcnames:28: Passed
F:\ProjectExt\check-vs\check\tests\check_check_master.c:442:P:Core Tests:test_check_tcnames:29: Passed
F:\ProjectExt\check-vs\check\tests\check_check_master.c:442:P:Core Tests:test_check_tcnames:30: Passed
F:\ProjectExt\check-vs\check\tests\check_check_master.c:442:P:Core Tests:test_check_tcnames:31: Passed
F:\ProjectExt\check-vs\check\tests\check_check_master.c:442:P:Core Tests:test_check_tcnames:32: Passed
F:\ProjectExt\check-vs\check\tests\check_check_master.c:442:P:Core Tests:test_check_tcnames:33: Passed
F:\ProjectExt\check-vs\check\tests\check_check_master.c:442:P:Core Tests:test_check_tcnames:34: Passed
F:\ProjectExt\check-vs\check\tests\check_check_master.c:442:P:Core Tests:test_check_tcnames:35: Passed
F:\ProjectExt\check-vs\check\tests\check_check_master.c:442:P:Core Tests:test_check_tcnames:36: Passed
F:\ProjectExt\check-vs\check\tests\check_check_master.c:442:P:Core Tests:test_check_tcnames:37: Passed
F:\ProjectExt\check-vs\check\tests\check_check_master.c:442:P:Core Tests:test_check_tcnames:38: Passed
F:\ProjectExt\check-vs\check\tests\check_check_master.c:442:P:Core Tests:test_check_tcnames:39: Passed
F:\ProjectExt\check-vs\check\tests\check_check_master.c:442:P:Core Tests:test_check_tcnames:40: Passed
F:\ProjectExt\check-vs\check\tests\check_check_master.c:442:P:Core Tests:test_check_tcnames:41: Passed
F:\ProjectExt\check-vs\check\tests\check_check_master.c:442:P:Core Tests:test_check_tcnames:42: Passed
F:\ProjectExt\check-vs\check\tests\check_check_master.c:442:P:Core Tests:test_check_tcnames:43: Passed
F:\ProjectExt\check-vs\check\tests\check_check_master.c:442:P:Core Tests:test_check_tcnames:44: Passed
F:\ProjectExt\check-vs\check\tests\check_check_master.c:442:P:Core Tests:test_check_tcnames:45: Passed
F:\ProjectExt\check-vs\check\tests\check_check_master.c:442:P:Core Tests:test_check_tcnames:46: Passed
F:\ProjectExt\check-vs\check\tests\check_check_master.c:442:P:Core Tests:test_check_tcnames:47: Passed
F:\ProjectExt\check-vs\check\tests\check_check_master.c:442:P:Core Tests:test_check_tcnames:48: Passed
F:\ProjectExt\check-vs\check\tests\check_check_master.c:442:P:Core Tests:test_check_tcnames:49: Passed
F:\ProjectExt\check-vs\check\tests\check_check_master.c:442:P:Core Tests:test_check_tcnames:50: Passed
F:\ProjectExt\check-vs\check\tests\check_check_master.c:442:P:Core Tests:test_check_tcnames:51: Passed
F:\ProjectExt\check-vs\check\tests\check_check_master.c:442:P:Core Tests:test_check_tcnames:52: Passed
F:\ProjectExt\check-vs\check\tests\check_check_master.c:442:P:Core Tests:test_check_tcnames:53: Passed
F:\ProjectExt\check-vs\check\tests\check_check_master.c:442:P:Core Tests:test_check_tcnames:54: Passed
F:\ProjectExt\check-vs\check\tests\check_check_master.c:442:P:Core Tests:test_check_tcnames:55: Passed
F:\ProjectExt\check-vs\check\tests\check_check_master.c:457:P:Core Tests:test_check_all_msgs:0: Passed
F:\ProjectExt\check-vs\check\tests\check_check_master.c:457:P:Core Tests:test_check_all_msgs:1: Passed
F:\ProjectExt\check-vs\check\tests\check_check_master.c:457:P:Core Tests:test_check_all_msgs:2: Passed
F:\ProjectExt\check-vs\check\tests\check_check_master.c:457:P:Core Tests:test_check_all_msgs:3: Passed
F:\ProjectExt\check-vs\check\tests\check_check_master.c:457:P:Core Tests:test_check_all_msgs:4: Passed
F:\ProjectExt\check-vs\check\tests\check_check_master.c:457:P:Core Tests:test_check_all_msgs:5: Passed
F:\ProjectExt\check-vs\check\tests\check_check_master.c:457:P:Core Tests:test_check_all_msgs:6: Passed
F:\ProjectExt\check-vs\check\tests\check_check_master.c:457:P:Core Tests:test_check_all_msgs:7: Passed
F:\ProjectExt\check-vs\check\tests\check_check_master.c:457:P:Core Tests:test_check_all_msgs:8: Passed
F:\ProjectExt\check-vs\check\tests\check_check_master.c:457:P:Core Tests:test_check_all_msgs:9: Passed
F:\ProjectExt\check-vs\check\tests\check_check_master.c:457:P:Core Tests:test_check_all_msgs:10: Passed
F:\ProjectExt\check-vs\check\tests\check_check_master.c:457:P:Core Tests:test_check_all_msgs:11: Passed
F:\ProjectExt\check-vs\check\tests\check_check_master.c:457:P:Core Tests:test_check_all_msgs:12: Passed
F:\ProjectExt\check-vs\check\tests\check_check_master.c:457:P:Core Tests:test_check_all_msgs:13: Passed
F:\ProjectExt\check-vs\check\tests\check_check_master.c:457:P:Core Tests:test_check_all_msgs:14: Passed
F:\ProjectExt\check-vs\check\tests\check_check_master.c:457:P:Core Tests:test_check_all_msgs:15: Passed
F:\ProjectExt\check-vs\check\tests\check_check_master.c:457:P:Core Tests:test_check_all_msgs:16: Passed
F:\ProjectExt\check-vs\check\tests\check_check_master.c:457:P:Core Tests:test_check_all_msgs:17: Passed
F:\ProjectExt\check-vs\check\tests\check_check_master.c:457:P:Core Tests:test_check_all_msgs:18: Passed
F:\ProjectExt\check-vs\check\tests\check_check_master.c:457:P:Core Tests:test_check_all_msgs:19: Passed
F:\ProjectExt\check-vs\check\tests\check_check_master.c:457:P:Core Tests:test_check_all_msgs:20: Passed
F:\ProjectExt\check-vs\check\tests\check_check_master.c:457:P:Core Tests:test_check_all_msgs:21: Passed
F:\ProjectExt\check-vs\check\tests\check_check_master.c:457:P:Core Tests:test_check_all_msgs:22: Passed
F:\ProjectExt\check-vs\check\tests\check_check_master.c:457:P:Core Tests:test_check_all_msgs:23: Passed
F:\ProjectExt\check-vs\check\tests\check_check_master.c:457:P:Core Tests:test_check_all_msgs:24: Passed
F:\ProjectExt\check-vs\check\tests\check_check_master.c:457:P:Core Tests:test_check_all_msgs:25: Passed
F:\ProjectExt\check-vs\check\tests\check_check_master.c:457:P:Core Tests:test_check_all_msgs:26: Passed
F:\ProjectExt\check-vs\check\tests\check_check_master.c:457:P:Core Tests:test_check_all_msgs:27: Passed
F:\ProjectExt\check-vs\check\tests\check_check_master.c:457:P:Core Tests:test_check_all_msgs:28: Passed
F:\ProjectExt\check-vs\check\tests\check_check_master.c:457:P:Core Tests:test_check_all_msgs:29: Passed
F:\ProjectExt\check-vs\check\tests\check_check_master.c:457:P:Core Tests:test_check_all_msgs:30: Passed
F:\ProjectExt\check-vs\check\tests\check_check_master.c:457:P:Core Tests:test_check_all_msgs:31: Passed
F:\ProjectExt\check-vs\check\tests\check_check_master.c:457:P:Core Tests:test_check_all_msgs:32: Passed
F:\ProjectExt\check-vs\check\tests\check_check_master.c:457:P:Core Tests:test_check_all_msgs:33: Passed
F:\ProjectExt\check-vs\check\tests\check_check_master.c:457:P:Core Tests:test_check_all_msgs:34: Passed
F:\ProjectExt\check-vs\check\tests\check_check_master.c:457:P:Core Tests:test_check_all_msgs:35: Passed
F:\ProjectExt\check-vs\check\tests\check_check_master.c:457:P:Core Tests:test_check_all_msgs:36: Passed
F:\ProjectExt\check-vs\check\tests\check_check_master.c:457:P:Core Tests:test_check_all_msgs:37: Passed
F:\ProjectExt\check-vs\check\tests\check_check_master.c:457:P:Core Tests:test_check_all_msgs:38: Passed
F:\ProjectExt\check-vs\check\tests\check_check_master.c:457:P:Core Tests:test_check_all_msgs:39: Passed
F:\ProjectExt\check-vs\check\tests\check_check_master.c:457:P:Core Tests:test_check_all_msgs:40: Passed
F:\ProjectExt\check-vs\check\tests\check_check_master.c:457:P:Core Tests:test_check_all_msgs:41: Passed
F:\ProjectExt\check-vs\check\tests\check_check_master.c:457:P:Core Tests:test_check_all_msgs:42: Passed
F:\ProjectExt\check-vs\check\tests\check_check_master.c:457:P:Core Tests:test_check_all_msgs:43: Passed
F:\ProjectExt\check-vs\check\tests\check_check_master.c:457:P:Core Tests:test_check_all_msgs:44: Passed
F:\ProjectExt\check-vs\check\tests\check_check_master.c:457:P:Core Tests:test_check_all_msgs:45: Passed
F:\ProjectExt\check-vs\check\tests\check_check_master.c:457:P:Core Tests:test_check_all_msgs:46: Passed
F:\ProjectExt\check-vs\check\tests\check_check_master.c:457:P:Core Tests:test_check_all_msgs:47: Passed
F:\ProjectExt\check-vs\check\tests\check_check_master.c:457:P:Core Tests:test_check_all_msgs:48: Passed
F:\ProjectExt\check-vs\check\tests\check_check_master.c:457:P:Core Tests:test_check_all_msgs:49: Passed
F:\ProjectExt\check-vs\check\tests\check_check_master.c:457:P:Core Tests:test_check_all_msgs:50: Passed
F:\ProjectExt\check-vs\check\tests\check_check_master.c:457:P:Core Tests:test_check_all_msgs:51: Passed
F:\ProjectExt\check-vs\check\tests\check_check_master.c:457:P:Core Tests:test_check_all_msgs:52: Passed
F:\ProjectExt\check-vs\check\tests\check_check_master.c:457:P:Core Tests:test_check_all_msgs:53: Passed
F:\ProjectExt\check-vs\check\tests\check_check_master.c:457:P:Core Tests:test_check_all_msgs:54: Passed
F:\ProjectExt\check-vs\check\tests\check_check_master.c:457:P:Core Tests:test_check_all_msgs:55: Passed
F:\ProjectExt\check-vs\check\tests\check_check_master.c:485:P:Core Tests:test_check_all_ftypes:0: Passed
F:\ProjectExt\check-vs\check\tests\check_check_master.c:485:P:Core Tests:test_check_all_ftypes:1: Passed
F:\ProjectExt\check-vs\check\tests\check_check_master.c:485:P:Core Tests:test_check_all_ftypes:2: Passed
F:\ProjectExt\check-vs\check\tests\check_check_master.c:485:P:Core Tests:test_check_all_ftypes:3: Passed
F:\ProjectExt\check-vs\check\tests\check_check_master.c:485:P:Core Tests:test_check_all_ftypes:4: Passed
F:\ProjectExt\check-vs\check\tests\check_check_master.c:485:P:Core Tests:test_check_all_ftypes:5: Passed
F:\ProjectExt\check-vs\check\tests\check_check_master.c:485:P:Core Tests:test_check_all_ftypes:6: Passed
F:\ProjectExt\check-vs\check\tests\check_check_master.c:485:P:Core Tests:test_check_all_ftypes:7: Passed
F:\ProjectExt\check-vs\check\tests\check_check_master.c:485:P:Core Tests:test_check_all_ftypes:8: Passed
F:\ProjectExt\check-vs\check\tests\check_check_master.c:485:P:Core Tests:test_check_all_ftypes:9: Passed
F:\ProjectExt\check-vs\check\tests\check_check_master.c:485:P:Core Tests:test_check_all_ftypes:10: Passed
F:\ProjectExt\check-vs\check\tests\check_check_master.c:485:P:Core Tests:test_check_all_ftypes:11: Passed
F:\ProjectExt\check-vs\check\tests\check_check_master.c:485:P:Core Tests:test_check_all_ftypes:12: Passed
F:\ProjectExt\check-vs\check\tests\check_check_master.c:485:P:Core Tests:test_check_all_ftypes:13: Passed
F:\ProjectExt\check-vs\check\tests\check_check_master.c:485:P:Core Tests:test_check_all_ftypes:14: Passed
F:\ProjectExt\check-vs\check\tests\check_check_master.c:485:P:Core Tests:test_check_all_ftypes:15: Passed
F:\ProjectExt\check-vs\check\tests\check_check_master.c:485:P:Core Tests:test_check_all_ftypes:16: Passed
F:\ProjectExt\check-vs\check\tests\check_check_master.c:485:P:Core Tests:test_check_all_ftypes:17: Passed
F:\ProjectExt\check-vs\check\tests\check_check_master.c:485:P:Core Tests:test_check_all_ftypes:18: Passed
F:\ProjectExt\check-vs\check\tests\check_check_master.c:485:P:Core Tests:test_check_all_ftypes:19: Passed
F:\ProjectExt\check-vs\check\tests\check_check_master.c:485:P:Core Tests:test_check_all_ftypes:20: Passed
F:\ProjectExt\check-vs\check\tests\check_check_master.c:485:P:Core Tests:test_check_all_ftypes:21: Passed
F:\ProjectExt\check-vs\check\tests\check_check_master.c:485:P:Core Tests:test_check_all_ftypes:22: Passed
F:\ProjectExt\check-vs\check\tests\check_check_master.c:485:P:Core Tests:test_check_all_ftypes:23: Passed
F:\ProjectExt\check-vs\check\tests\check_check_master.c:485:P:Core Tests:test_check_all_ftypes:24: Passed
F:\ProjectExt\check-vs\check\tests\check_check_master.c:485:P:Core Tests:test_check_all_ftypes:25: Passed
F:\ProjectExt\check-vs\check\tests\check_check_master.c:485:P:Core Tests:test_check_all_ftypes:26: Passed
F:\ProjectExt\check-vs\check\tests\check_check_master.c:485:P:Core Tests:test_check_all_ftypes:27: Passed
F:\ProjectExt\check-vs\check\tests\check_check_master.c:485:P:Core Tests:test_check_all_ftypes:28: Passed
F:\ProjectExt\check-vs\check\tests\check_check_master.c:485:P:Core Tests:test_check_all_ftypes:29: Passed
F:\ProjectExt\check-vs\check\tests\check_check_master.c:485:P:Core Tests:test_check_all_ftypes:30: Passed
F:\ProjectExt\check-vs\check\tests\check_check_master.c:485:P:Core Tests:test_check_all_ftypes:31: Passed
F:\ProjectExt\check-vs\check\tests\check_check_master.c:485:P:Core Tests:test_check_all_ftypes:32: Passed
F:\ProjectExt\check-vs\check\tests\check_check_master.c:485:P:Core Tests:test_check_all_ftypes:33: Passed
F:\ProjectExt\check-vs\check\tests\check_check_master.c:485:P:Core Tests:test_check_all_ftypes:34: Passed
F:\ProjectExt\check-vs\check\tests\check_check_master.c:485:P:Core Tests:test_check_all_ftypes:35: Passed
F:\ProjectExt\check-vs\check\tests\check_check_master.c:485:P:Core Tests:test_check_all_ftypes:36: Passed
F:\ProjectExt\check-vs\check\tests\check_check_master.c:485:P:Core Tests:test_check_all_ftypes:37: Passed
F:\ProjectExt\check-vs\check\tests\check_check_master.c:485:P:Core Tests:test_check_all_ftypes:38: Passed
F:\ProjectExt\check-vs\check\tests\check_check_master.c:485:P:Core Tests:test_check_all_ftypes:39: Passed
F:\ProjectExt\check-vs\check\tests\check_check_master.c:485:P:Core Tests:test_check_all_ftypes:40: Passed
F:\ProjectExt\check-vs\check\tests\check_check_master.c:485:P:Core Tests:test_check_all_ftypes:41: Passed
F:\ProjectExt\check-vs\check\tests\check_check_master.c:485:P:Core Tests:test_check_all_ftypes:42: Passed
F:\ProjectExt\check-vs\check\tests\check_check_master.c:485:P:Core Tests:test_check_all_ftypes:43: Passed
F:\ProjectExt\check-vs\check\tests\check_check_master.c:485:P:Core Tests:test_check_all_ftypes:44: Passed
F:\ProjectExt\check-vs\check\tests\check_check_master.c:485:P:Core Tests:test_check_all_ftypes:45: Passed
F:\ProjectExt\check-vs\check\tests\check_check_master.c:485:P:Core Tests:test_check_all_ftypes:46: Passed
F:\ProjectExt\check-vs\check\tests\check_check_master.c:485:P:Core Tests:test_check_all_ftypes:47: Passed
F:\ProjectExt\check-vs\check\tests\check_check_master.c:485:P:Core Tests:test_check_all_ftypes:48: Passed
F:\ProjectExt\check-vs\check\tests\check_check_master.c:485:P:Core Tests:test_check_all_ftypes:49: Passed
F:\ProjectExt\check-vs\check\tests\check_check_master.c:485:P:Core Tests:test_check_all_ftypes:50: Passed
F:\ProjectExt\check-vs\check\tests\check_check_master.c:485:P:Core Tests:test_check_all_ftypes:51: Passed
F:\ProjectExt\check-vs\check\tests\check_check_master.c:485:P:Core Tests:test_check_all_ftypes:52: Passed
F:\ProjectExt\check-vs\check\tests\check_check_master.c:485:P:Core Tests:test_check_all_ftypes:53: Passed
F:\ProjectExt\check-vs\check\tests\check_check_master.c:485:P:Core Tests:test_check_all_ftypes:54: Passed
F:\ProjectExt\check-vs\check\tests\check_check_master.c:485:P:Core Tests:test_check_all_ftypes:55: Passed
F:\ProjectExt\check-vs\check\tests\check_check_master.c:498:P:Fixture Setup Tests:test_setup:0: Passed
F:\ProjectExt\check-vs\check\tests\check_check_master.c:511:P:Fixture Teardown Tests:test_teardown:0: Passed
F:\ProjectExt\check-vs\check\tests\check_list.c:46:P:Core:test_create:0: Passed
F:\ProjectExt\check-vs\check\tests\check_list.c:51:P:Core:test_free:0: Passed
F:\ProjectExt\check-vs\check\tests\check_list.c:76:P:Core:test_add_end:0: Passed
F:\ProjectExt\check-vs\check\tests\check_list.c:91:P:Core:test_add_front:0: Passed
F:\ProjectExt\check-vs\check\tests\check_list.c:114:P:Core:test_add_end_and_next:0: Passed
F:\ProjectExt\check-vs\check\tests\check_list.c:138:P:Core:test_add_front_and_next:0: Passed
F:\ProjectExt\check-vs\check\tests\check_list.c:143:P:Core:test_add_a_bunch:0: Passed
F:\ProjectExt\check-vs\check\tests\check_list.c:160:P:Core:test_list_abuse:0: Passed
F:\ProjectExt\check-vs\check\tests\check_check_msg.c:55:P:Core Tests:test_send:0: Passed
F:\ProjectExt\check-vs\check\tests\check_check_msg.c:84:P:Core Tests:test_send_big:0: Passed
F:\ProjectExt\check-vs\check\tests\check_check_msg.c:110:P:Core Tests:test_send_test_error:0: Passed
F:\ProjectExt\check-vs\check\tests\check_check_msg.c:139:P:Core Tests:test_send_with_passing_teardown:0: Passed
F:\ProjectExt\check-vs\check\tests\check_check_msg.c:168:P:Core Tests:test_send_with_error_teardown:0: Passed
F:\ProjectExt\check-vs\check\tests\check_check_log.c:61:P:Core:test_set_log:0: Passed
F:\ProjectExt\check-vs\check\tests\check_check_log.c:106:P:Core:test_no_set_log:0: Passed
F:\ProjectExt\check-vs\check\tests\check_check_log.c:121:P:Core:test_double_set_log:0: Passed
F:\ProjectExt\check-vs\check\tests\check_check_log.c:137:P:Core XML:test_set_xml:0: Passed
F:\ProjectExt\check-vs\check\tests\check_check_log.c:182:P:Core XML:test_no_set_xml:0: Passed
F:\ProjectExt\check-vs\check\tests\check_check_log.c:197:P:Core XML:test_double_set_xml:0: Passed
F:\ProjectExt\check-vs\check\tests\check_check_log.c:212:P:Core TAP:test_set_tap:0: Passed
F:\ProjectExt\check-vs\check\tests\check_check_log.c:257:P:Core TAP:test_no_set_tap:0: Passed
F:\ProjectExt\check-vs\check\tests\check_check_log.c:272:P:Core TAP:test_double_set_tap:0: Passed
F:\ProjectExt\check-vs\check\tests\check_check_limit.c:49:P:Empty:test_summary:0: Passed
F:\ProjectExt\check-vs\check\tests\check_check_fork.c:99:P:Core:test_default_fork:0: Passed
F:\ProjectExt\check-vs\check\tests\check_check_fork.c:108:P:Core:test_set_nofork:0: Passed
F:\ProjectExt\check-vs\check\tests\check_check_fork.c:149:P:Core:test_nofork:0: Passed
F:\ProjectExt\check-vs\check\tests\check_check_fixture.c:67:P:Core:test_fixture_fail_counts:0: Passed
F:\ProjectExt\check-vs\check\tests\check_check_fixture.c:77:P:Core:test_print_counts:0: Passed
F:\ProjectExt\check-vs\check\tests\check_check_fixture.c:82:P:Core:test_setup_failure_msg:0: Passed
F:\ProjectExt\check-vs\check\tests\check_check_pack.c:54:P:Core:test_pack_fmsg:0: Passed
F:\ProjectExt\check-vs\check\tests\check_check_pack.c:85:P:Core:test_pack_loc:0: Passed
F:\ProjectExt\check-vs\check\tests\check_check_pack.c:120:P:Core:test_pack_ctx:0: Passed
F:\ProjectExt\check-vs\check\tests\check_check_pack.c:146:P:Core:test_pack_len:0: Passed
F:\ProjectExt\check-vs\check\tests\check_check_pack.c:170:P:Core:test_pack_abuse:0: Passed
F:\ProjectExt\check-vs\check\tests\check_check_pack.c:174:P:Limit:test_pack_ctx_limit:0: Passed
F:\ProjectExt\check-vs\check\tests\check_check_pack.c:201:P:Limit:test_pack_fail_limit:0: Passed
F:\ProjectExt\check-vs\check\tests\check_check_pack.c:226:P:Limit:test_pack_loc_limit:0: Passed
F:\ProjectExt\check-vs\check\tests\check_check_selective.c:106:P:Core:test_srunner_run_run_all:0: Passed
F:\ProjectExt\check-vs\check\tests\check_check_selective.c:124:P:Core:test_srunner_run_suite:0: Passed
F:\ProjectExt\check-vs\check\tests\check_check_selective.c:142:P:Core:test_srunner_run_no_suite:0: Passed
F:\ProjectExt\check-vs\check\tests\check_check_selective.c:160:P:Core:test_srunner_run_tcase:0: Passed
F:\ProjectExt\check-vs\check\tests\check_check_selective.c:178:P:Core:test_srunner_no_tcase:0: Passed
F:\ProjectExt\check-vs\check\tests\check_check_selective.c:196:P:Core:test_srunner_suite_tcase:0: Passed
F:\ProjectExt\check-vs\check\tests\check_check_selective.c:214:P:Core:test_srunner_suite_no_tcase:0: Passed
<end of output>
Test time =   0.40 sec
----------------------------------------------------------
Test Passed.
"check_check" end time: Jun 08 19:08 Belarus Standard Time
"check_check" time elapsed: 00:00:00
----------------------------------------------------------

2/2 Testing: check_check_export
2/2 Test: check_check_export
Command: "F:/ProjectExt/check-vs/tests/Debug/check_check_export.exe"
Directory: F:/ProjectExt/check-vs
"check_check_export" start time: Jun 08 19:08 Belarus Standard Time
Output:
----------------------------------------------------------
Running suite(s): Fork Sub
100%: Checks: 3, Failures: 0, Errors: 0
F:\ProjectExt\check-vs\check\tests\check_check_fork.c:38:P:Core:test_inc:0: Passed
F:\ProjectExt\check-vs\check\tests\check_check_fork.c:47:P:Core:test_nofork_sideeffects:0: Passed
F:\ProjectExt\check-vs\check\tests\check_check_fork.c:54:P:Core:test_nofork_pid:0: Passed
Running suite(s): Check Servant
Running suite(s):100%: Checks: 0, Failures: 0, Errors: 0
 Check Servant2
10%: Checks: 56, Failures: 50, Errors: 0
F:\ProjectExt\check-vs\check\tests\check_check_sub.c:32:F:Simple Tests:test_lno:0: Failure expected
F:\ProjectExt\check-vs\check\tests\check_check_sub.c:49:P:Simple Tests:test_pass:0: Passed
F:\ProjectExt\check-vs\check\tests\check_check_sub.c:56:F:Simple Tests:test_fail_unless:0: This test should fail
F:\ProjectExt\check-vs\check\tests\check_check_sub.c:63:P:Simple Tests:test_fail_if_pass:0: Passed
F:\ProjectExt\check-vs\check\tests\check_check_sub.c:70:F:Simple Tests:test_fail_if_fail:0: This test should fail
F:\ProjectExt\check-vs\check\tests\check_check_sub.c:77:F:Simple Tests:test_fail_null_msg:0: Assertion '2 == 3' failed
F:\ProjectExt\check-vs\check\tests\check_check_sub.c:92:F:Simple Tests:test_fail_if_null_msg:0: Failure '2 != 3' occurred
F:\ProjectExt\check-vs\check\tests\check_check_sub.c:109:F:Simple Tests:test_fail_vararg_msg_1:0: 3 != 4
F:\ProjectExt\check-vs\check\tests\check_check_sub.c:118:F:Simple Tests:test_fail_vararg_msg_2:0: 5 != 6
F:\ProjectExt\check-vs\check\tests\check_check_sub.c:127:F:Simple Tests:test_fail_vararg_msg_3:0: 7 == 7
F:\ProjectExt\check-vs\check\tests\check_check_sub.c:144:F:Simple Tests:test_ck_abort:0: Failed
F:\ProjectExt\check-vs\check\tests\check_check_sub.c:151:F:Simple Tests:test_ck_abort_msg:0: Failure expected
F:\ProjectExt\check-vs\check\tests\check_check_sub.c:159:F:Simple Tests:test_ck_abort_msg_null:0: Failed
F:\ProjectExt\check-vs\check\tests\check_check_sub.c:175:F:Simple Tests:test_ck_assert:0: Assertion 'x == y' failed
F:\ProjectExt\check-vs\check\tests\check_check_sub.c:182:F:Simple Tests:test_ck_assert_null:0: Assertion '0' failed
F:\ProjectExt\check-vs\check\tests\check_check_sub.c:190:F:Simple Tests:test_ck_assert_with_mod:0: Assertion '1%f == 1' failed
F:\ProjectExt\check-vs\check\tests\check_check_sub.c:201:F:Simple Tests:test_ck_assert_int_eq:0: Assertion 'x == y' failed: x == 3, y == 4
F:\ProjectExt\check-vs\check\tests\check_check_sub.c:210:F:Simple Tests:test_ck_assert_int_eq_with_mod:0: Assertion '3%d == 2%f' failed: 3%d == 1, 2%f == 0
F:\ProjectExt\check-vs\check\tests\check_check_sub.c:221:F:Simple Tests:test_ck_assert_int_ne:0: Assertion 'x != y' failed: x == 3, y == 3
F:\ProjectExt\check-vs\check\tests\check_check_sub.c:230:F:Simple Tests:test_ck_assert_int_ne_with_mod:0: Assertion '3%d != 3%f' failed: 3%d == 1, 3%f == 1
F:\ProjectExt\check-vs\check\tests\check_check_sub.c:240:F:Simple Tests:test_ck_assert_int_lt:0: Assertion 'x < x' failed: x == 2, x == 2
F:\ProjectExt\check-vs\check\tests\check_check_sub.c:249:F:Simple Tests:test_ck_assert_int_lt_with_mod:0: Assertion '3%d < 3%f' failed: 3%d == 1, 3%f == 0
F:\ProjectExt\check-vs\check\tests\check_check_sub.c:260:F:Simple Tests:test_ck_assert_int_le:0: Assertion 'y <= x' failed: y == 3, x == 2
F:\ProjectExt\check-vs\check\tests\check_check_sub.c:269:F:Simple Tests:test_ck_assert_int_le_with_mod:0: Assertion '3%d <= 2%f' failed: 3%d == 1, 2%f == 0
F:\ProjectExt\check-vs\check\tests\check_check_sub.c:279:F:Simple Tests:test_ck_assert_int_gt:0: Assertion 'y > y' failed: y == 3, y == 3
F:\ProjectExt\check-vs\check\tests\check_check_sub.c:288:F:Simple Tests:test_ck_assert_int_gt_with_mod:0: Assertion '3%d > 3%f' failed: 3%d == 0, 3%f == 1
F:\ProjectExt\check-vs\check\tests\check_check_sub.c:299:F:Simple Tests:test_ck_assert_int_ge:0: Assertion 'x >= y' failed: x == 2, y == 3
F:\ProjectExt\check-vs\check\tests\check_check_sub.c:308:F:Simple Tests:test_ck_assert_int_ge_with_mod:0: Assertion '3%d >= 4%f' failed: 3%d == 0, 4%f == 1
F:\ProjectExt\check-vs\check\tests\check_check_sub.c:317:P:Simple Tests:test_ck_assert_int_expr:0: Passed
F:\ProjectExt\check-vs\check\tests\check_check_sub.c:327:F:Simple Tests:test_ck_assert_uint_eq:0: Assertion 'x == y' failed: x == 3, y == 4
F:\ProjectExt\check-vs\check\tests\check_check_sub.c:336:F:Simple Tests:test_ck_assert_uint_eq_with_mod:0: Assertion '3%d == 1%f' failed: 3%d == 1, 1%f == 0
F:\ProjectExt\check-vs\check\tests\check_check_sub.c:347:F:Simple Tests:test_ck_assert_uint_ne:0: Assertion 'x != y' failed: x == 3, y == 3
F:\ProjectExt\check-vs\check\tests\check_check_sub.c:356:F:Simple Tests:test_ck_assert_uint_ne_with_mod:0: Assertion '1%d != 1%f' failed: 1%d == 0, 1%f == 0
F:\ProjectExt\check-vs\check\tests\check_check_sub.c:366:F:Simple Tests:test_ck_assert_uint_lt:0: Assertion 'x < x' failed: x == 2, x == 2
F:\ProjectExt\check-vs\check\tests\check_check_sub.c:375:F:Simple Tests:test_ck_assert_uint_lt_with_mod:0: Assertion '3%d < 1%f' failed: 3%d == 1, 1%f == 0
F:\ProjectExt\check-vs\check\tests\check_check_sub.c:386:F:Simple Tests:test_ck_assert_uint_le:0: Assertion 'y <= x' failed: y == 3, x == 2
F:\ProjectExt\check-vs\check\tests\check_check_sub.c:395:F:Simple Tests:test_ck_assert_uint_le_with_mod:0: Assertion '3%d <= 1%f' failed: 3%d == 1, 1%f == 0
F:\ProjectExt\check-vs\check\tests\check_check_sub.c:405:F:Simple Tests:test_ck_assert_uint_gt:0: Assertion 'y > y' failed: y == 3, y == 3
F:\ProjectExt\check-vs\check\tests\check_check_sub.c:414:F:Simple Tests:test_ck_assert_uint_gt_with_mod:0: Assertion '1%d > 3%f' failed: 1%d == 0, 3%f == 1
F:\ProjectExt\check-vs\check\tests\check_check_sub.c:425:F:Simple Tests:test_ck_assert_uint_ge:0: Assertion 'x >= y' failed: x == 2, y == 3
F:\ProjectExt\check-vs\check\tests\check_check_sub.c:434:F:Simple Tests:test_ck_assert_uint_ge_with_mod:0: Assertion '1%d >= 3%f' failed: 1%d == 0, 3%f == 1
F:\ProjectExt\check-vs\check\tests\check_check_sub.c:443:P:Simple Tests:test_ck_assert_uint_expr:0: Passed
F:\ProjectExt\check-vs\check\tests\check_check_sub.c:457:F:Simple Tests:test_percent_n_escaped:0: Assertion 'returnsZero("%n") == 1' failed: returnsZero("%n") == 0, 1 == 1
F:\ProjectExt\check-vs\check\tests\check_check_sub.c:465:F:Simple Tests:test_ck_assert_str_eq:0: Assertion '"test1" == s' failed: "test1" == "test1", s == "test2"
F:\ProjectExt\check-vs\check\tests\check_check_sub.c:476:F:Simple Tests:test_ck_assert_str_ne:0: Assertion 't != s' failed: t == "test2", s == "test2"
F:\ProjectExt\check-vs\check\tests\check_check_sub.c:486:F:Simple Tests:test_ck_assert_str_lt:0: Assertion 's < s' failed: s == "test1", s == "test1"
F:\ProjectExt\check-vs\check\tests\check_check_sub.c:497:F:Simple Tests:test_ck_assert_str_le:0: Assertion 't <= s' failed: t == "test2", s == "test1"
F:\ProjectExt\check-vs\check\tests\check_check_sub.c:507:F:Simple Tests:test_ck_assert_str_gt:0: Assertion 't > t' failed: t == "test2", t == "test2"
F:\ProjectExt\check-vs\check\tests\check_check_sub.c:518:F:Simple Tests:test_ck_assert_str_ge:0: Assertion 's >= t' failed: s == "test1", t == "test2"
F:\ProjectExt\check-vs\check\tests\check_check_sub.c:528:P:Simple Tests:test_ck_assert_str_expr:0: Passed
F:\ProjectExt\check-vs\check\tests\check_check_sub.c:539:F:Simple Tests:test_ck_assert_ptr_eq:0: Assertion 'x == y' failed: x == 0x1, y == 0x2
F:\ProjectExt\check-vs\check\tests\check_check_sub.c:552:F:Simple Tests:test_ck_assert_ptr_ne:0: Assertion 'x != z' failed: x == 0x1, z == 0x1
F:\ProjectExt\check-vs\check\tests\check_check_sub.c:718:F:Limit Tests:test_null:0: Completed properly
F:\ProjectExt\check-vs\check\tests\check_check_sub.c:730:F:Limit Tests:test_null_2:0: Completed properly
F:\ProjectExt\check-vs\check\tests\check_check_sub.c:882:P:Core:test_srunner:0: Passed
F:\ProjectExt\check-vs\check\tests\check_check_sub.c:890:F:Core:test_2nd_suite:0: We failed
Ran 56 tests in subordinate suite
Running suite(s): Master
 Log
 Fork
100%: Checks: 188, Failures: 0, Errors: 0
F:\ProjectExt\check-vs\check\tests\check_check_master.c:281:P:Core Tests:test_check_nfailures:0: Passed
F:\ProjectExt\check-vs\check\tests\check_check_master.c:288:P:Core Tests:test_check_ntests_run:0: Passed
F:\ProjectExt\check-vs\check\tests\check_check_master.c:339:P:Core Tests:test_check_failure_msgs:0: Passed
F:\ProjectExt\check-vs\check\tests\check_check_master.c:424:P:Core Tests:test_check_failure_ftypes:0: Passed
F:\ProjectExt\check-vs\check\tests\check_check_master.c:404:P:Core Tests:test_check_failure_lnos:0: Passed
F:\ProjectExt\check-vs\check\tests\check_check_master.c:437:P:Core Tests:test_check_failure_lfiles:0: Passed
F:\ProjectExt\check-vs\check\tests\check_check_master.c:442:P:Core Tests:test_check_tcnames:0: Passed
F:\ProjectExt\check-vs\check\tests\check_check_master.c:442:P:Core Tests:test_check_tcnames:1: Passed
F:\ProjectExt\check-vs\check\tests\check_check_master.c:442:P:Core Tests:test_check_tcnames:2: Passed
F:\ProjectExt\check-vs\check\tests\check_check_master.c:442:P:Core Tests:test_check_tcnames:3: Passed
F:\ProjectExt\check-vs\check\tests\check_check_master.c:442:P:Core Tests:test_check_tcnames:4: Passed
F:\ProjectExt\check-vs\check\tests\check_check_master.c:442:P:Core Tests:test_check_tcnames:5: Passed
F:\ProjectExt\check-vs\check\tests\check_check_master.c:442:P:Core Tests:test_check_tcnames:6: Passed
F:\ProjectExt\check-vs\check\tests\check_check_master.c:442:P:Core Tests:test_check_tcnames:7: Passed
F:\ProjectExt\check-vs\check\tests\check_check_master.c:442:P:Core Tests:test_check_tcnames:8: Passed
F:\ProjectExt\check-vs\check\tests\check_check_master.c:442:P:Core Tests:test_check_tcnames:9: Passed
F:\ProjectExt\check-vs\check\tests\check_check_master.c:442:P:Core Tests:test_check_tcnames:10: Passed
F:\ProjectExt\check-vs\check\tests\check_check_master.c:442:P:Core Tests:test_check_tcnames:11: Passed
F:\ProjectExt\check-vs\check\tests\check_check_master.c:442:P:Core Tests:test_check_tcnames:12: Passed
F:\ProjectExt\check-vs\check\tests\check_check_master.c:442:P:Core Tests:test_check_tcnames:13: Passed
F:\ProjectExt\check-vs\check\tests\check_check_master.c:442:P:Core Tests:test_check_tcnames:14: Passed
F:\ProjectExt\check-vs\check\tests\check_check_master.c:442:P:Core Tests:test_check_tcnames:15: Passed
F:\ProjectExt\check-vs\check\tests\check_check_master.c:442:P:Core Tests:test_check_tcnames:16: Passed
F:\ProjectExt\check-vs\check\tests\check_check_master.c:442:P:Core Tests:test_check_tcnames:17: Passed
F:\ProjectExt\check-vs\check\tests\check_check_master.c:442:P:Core Tests:test_check_tcnames:18: Passed
F:\ProjectExt\check-vs\check\tests\check_check_master.c:442:P:Core Tests:test_check_tcnames:19: Passed
F:\ProjectExt\check-vs\check\tests\check_check_master.c:442:P:Core Tests:test_check_tcnames:20: Passed
F:\ProjectExt\check-vs\check\tests\check_check_master.c:442:P:Core Tests:test_check_tcnames:21: Passed
F:\ProjectExt\check-vs\check\tests\check_check_master.c:442:P:Core Tests:test_check_tcnames:22: Passed
F:\ProjectExt\check-vs\check\tests\check_check_master.c:442:P:Core Tests:test_check_tcnames:23: Passed
F:\ProjectExt\check-vs\check\tests\check_check_master.c:442:P:Core Tests:test_check_tcnames:24: Passed
F:\ProjectExt\check-vs\check\tests\check_check_master.c:442:P:Core Tests:test_check_tcnames:25: Passed
F:\ProjectExt\check-vs\check\tests\check_check_master.c:442:P:Core Tests:test_check_tcnames:26: Passed
F:\ProjectExt\check-vs\check\tests\check_check_master.c:442:P:Core Tests:test_check_tcnames:27: Passed
F:\ProjectExt\check-vs\check\tests\check_check_master.c:442:P:Core Tests:test_check_tcnames:28: Passed
F:\ProjectExt\check-vs\check\tests\check_check_master.c:442:P:Core Tests:test_check_tcnames:29: Passed
F:\ProjectExt\check-vs\check\tests\check_check_master.c:442:P:Core Tests:test_check_tcnames:30: Passed
F:\ProjectExt\check-vs\check\tests\check_check_master.c:442:P:Core Tests:test_check_tcnames:31: Passed
F:\ProjectExt\check-vs\check\tests\check_check_master.c:442:P:Core Tests:test_check_tcnames:32: Passed
F:\ProjectExt\check-vs\check\tests\check_check_master.c:442:P:Core Tests:test_check_tcnames:33: Passed
F:\ProjectExt\check-vs\check\tests\check_check_master.c:442:P:Core Tests:test_check_tcnames:34: Passed
F:\ProjectExt\check-vs\check\tests\check_check_master.c:442:P:Core Tests:test_check_tcnames:35: Passed
F:\ProjectExt\check-vs\check\tests\check_check_master.c:442:P:Core Tests:test_check_tcnames:36: Passed
F:\ProjectExt\check-vs\check\tests\check_check_master.c:442:P:Core Tests:test_check_tcnames:37: Passed
F:\ProjectExt\check-vs\check\tests\check_check_master.c:442:P:Core Tests:test_check_tcnames:38: Passed
F:\ProjectExt\check-vs\check\tests\check_check_master.c:442:P:Core Tests:test_check_tcnames:39: Passed
F:\ProjectExt\check-vs\check\tests\check_check_master.c:442:P:Core Tests:test_check_tcnames:40: Passed
F:\ProjectExt\check-vs\check\tests\check_check_master.c:442:P:Core Tests:test_check_tcnames:41: Passed
F:\ProjectExt\check-vs\check\tests\check_check_master.c:442:P:Core Tests:test_check_tcnames:42: Passed
F:\ProjectExt\check-vs\check\tests\check_check_master.c:442:P:Core Tests:test_check_tcnames:43: Passed
F:\ProjectExt\check-vs\check\tests\check_check_master.c:442:P:Core Tests:test_check_tcnames:44: Passed
F:\ProjectExt\check-vs\check\tests\check_check_master.c:442:P:Core Tests:test_check_tcnames:45: Passed
F:\ProjectExt\check-vs\check\tests\check_check_master.c:442:P:Core Tests:test_check_tcnames:46: Passed
F:\ProjectExt\check-vs\check\tests\check_check_master.c:442:P:Core Tests:test_check_tcnames:47: Passed
F:\ProjectExt\check-vs\check\tests\check_check_master.c:442:P:Core Tests:test_check_tcnames:48: Passed
F:\ProjectExt\check-vs\check\tests\check_check_master.c:442:P:Core Tests:test_check_tcnames:49: Passed
F:\ProjectExt\check-vs\check\tests\check_check_master.c:442:P:Core Tests:test_check_tcnames:50: Passed
F:\ProjectExt\check-vs\check\tests\check_check_master.c:442:P:Core Tests:test_check_tcnames:51: Passed
F:\ProjectExt\check-vs\check\tests\check_check_master.c:442:P:Core Tests:test_check_tcnames:52: Passed
F:\ProjectExt\check-vs\check\tests\check_check_master.c:442:P:Core Tests:test_check_tcnames:53: Passed
F:\ProjectExt\check-vs\check\tests\check_check_master.c:442:P:Core Tests:test_check_tcnames:54: Passed
F:\ProjectExt\check-vs\check\tests\check_check_master.c:442:P:Core Tests:test_check_tcnames:55: Passed
F:\ProjectExt\check-vs\check\tests\check_check_master.c:457:P:Core Tests:test_check_all_msgs:0: Passed
F:\ProjectExt\check-vs\check\tests\check_check_master.c:457:P:Core Tests:test_check_all_msgs:1: Passed
F:\ProjectExt\check-vs\check\tests\check_check_master.c:457:P:Core Tests:test_check_all_msgs:2: Passed
F:\ProjectExt\check-vs\check\tests\check_check_master.c:457:P:Core Tests:test_check_all_msgs:3: Passed
F:\ProjectExt\check-vs\check\tests\check_check_master.c:457:P:Core Tests:test_check_all_msgs:4: Passed
F:\ProjectExt\check-vs\check\tests\check_check_master.c:457:P:Core Tests:test_check_all_msgs:5: Passed
F:\ProjectExt\check-vs\check\tests\check_check_master.c:457:P:Core Tests:test_check_all_msgs:6: Passed
F:\ProjectExt\check-vs\check\tests\check_check_master.c:457:P:Core Tests:test_check_all_msgs:7: Passed
F:\ProjectExt\check-vs\check\tests\check_check_master.c:457:P:Core Tests:test_check_all_msgs:8: Passed
F:\ProjectExt\check-vs\check\tests\check_check_master.c:457:P:Core Tests:test_check_all_msgs:9: Passed
F:\ProjectExt\check-vs\check\tests\check_check_master.c:457:P:Core Tests:test_check_all_msgs:10: Passed
F:\ProjectExt\check-vs\check\tests\check_check_master.c:457:P:Core Tests:test_check_all_msgs:11: Passed
F:\ProjectExt\check-vs\check\tests\check_check_master.c:457:P:Core Tests:test_check_all_msgs:12: Passed
F:\ProjectExt\check-vs\check\tests\check_check_master.c:457:P:Core Tests:test_check_all_msgs:13: Passed
F:\ProjectExt\check-vs\check\tests\check_check_master.c:457:P:Core Tests:test_check_all_msgs:14: Passed
F:\ProjectExt\check-vs\check\tests\check_check_master.c:457:P:Core Tests:test_check_all_msgs:15: Passed
F:\ProjectExt\check-vs\check\tests\check_check_master.c:457:P:Core Tests:test_check_all_msgs:16: Passed
F:\ProjectExt\check-vs\check\tests\check_check_master.c:457:P:Core Tests:test_check_all_msgs:17: Passed
F:\ProjectExt\check-vs\check\tests\check_check_master.c:457:P:Core Tests:test_check_all_msgs:18: Passed
F:\ProjectExt\check-vs\check\tests\check_check_master.c:457:P:Core Tests:test_check_all_msgs:19: Passed
F:\ProjectExt\check-vs\check\tests\check_check_master.c:457:P:Core Tests:test_check_all_msgs:20: Passed
F:\ProjectExt\check-vs\check\tests\check_check_master.c:457:P:Core Tests:test_check_all_msgs:21: Passed
F:\ProjectExt\check-vs\check\tests\check_check_master.c:457:P:Core Tests:test_check_all_msgs:22: Passed
F:\ProjectExt\check-vs\check\tests\check_check_master.c:457:P:Core Tests:test_check_all_msgs:23: Passed
F:\ProjectExt\check-vs\check\tests\check_check_master.c:457:P:Core Tests:test_check_all_msgs:24: Passed
F:\ProjectExt\check-vs\check\tests\check_check_master.c:457:P:Core Tests:test_check_all_msgs:25: Passed
F:\ProjectExt\check-vs\check\tests\check_check_master.c:457:P:Core Tests:test_check_all_msgs:26: Passed
F:\ProjectExt\check-vs\check\tests\check_check_master.c:457:P:Core Tests:test_check_all_msgs:27: Passed
F:\ProjectExt\check-vs\check\tests\check_check_master.c:457:P:Core Tests:test_check_all_msgs:28: Passed
F:\ProjectExt\check-vs\check\tests\check_check_master.c:457:P:Core Tests:test_check_all_msgs:29: Passed
F:\ProjectExt\check-vs\check\tests\check_check_master.c:457:P:Core Tests:test_check_all_msgs:30: Passed
F:\ProjectExt\check-vs\check\tests\check_check_master.c:457:P:Core Tests:test_check_all_msgs:31: Passed
F:\ProjectExt\check-vs\check\tests\check_check_master.c:457:P:Core Tests:test_check_all_msgs:32: Passed
F:\ProjectExt\check-vs\check\tests\check_check_master.c:457:P:Core Tests:test_check_all_msgs:33: Passed
F:\ProjectExt\check-vs\check\tests\check_check_master.c:457:P:Core Tests:test_check_all_msgs:34: Passed
F:\ProjectExt\check-vs\check\tests\check_check_master.c:457:P:Core Tests:test_check_all_msgs:35: Passed
F:\ProjectExt\check-vs\check\tests\check_check_master.c:457:P:Core Tests:test_check_all_msgs:36: Passed
F:\ProjectExt\check-vs\check\tests\check_check_master.c:457:P:Core Tests:test_check_all_msgs:37: Passed
F:\ProjectExt\check-vs\check\tests\check_check_master.c:457:P:Core Tests:test_check_all_msgs:38: Passed
F:\ProjectExt\check-vs\check\tests\check_check_master.c:457:P:Core Tests:test_check_all_msgs:39: Passed
F:\ProjectExt\check-vs\check\tests\check_check_master.c:457:P:Core Tests:test_check_all_msgs:40: Passed
F:\ProjectExt\check-vs\check\tests\check_check_master.c:457:P:Core Tests:test_check_all_msgs:41: Passed
F:\ProjectExt\check-vs\check\tests\check_check_master.c:457:P:Core Tests:test_check_all_msgs:42: Passed
F:\ProjectExt\check-vs\check\tests\check_check_master.c:457:P:Core Tests:test_check_all_msgs:43: Passed
F:\ProjectExt\check-vs\check\tests\check_check_master.c:457:P:Core Tests:test_check_all_msgs:44: Passed
F:\ProjectExt\check-vs\check\tests\check_check_master.c:457:P:Core Tests:test_check_all_msgs:45: Passed
F:\ProjectExt\check-vs\check\tests\check_check_master.c:457:P:Core Tests:test_check_all_msgs:46: Passed
F:\ProjectExt\check-vs\check\tests\check_check_master.c:457:P:Core Tests:test_check_all_msgs:47: Passed
F:\ProjectExt\check-vs\check\tests\check_check_master.c:457:P:Core Tests:test_check_all_msgs:48: Passed
F:\ProjectExt\check-vs\check\tests\check_check_master.c:457:P:Core Tests:test_check_all_msgs:49: Passed
F:\ProjectExt\check-vs\check\tests\check_check_master.c:457:P:Core Tests:test_check_all_msgs:50: Passed
F:\ProjectExt\check-vs\check\tests\check_check_master.c:457:P:Core Tests:test_check_all_msgs:51: Passed
F:\ProjectExt\check-vs\check\tests\check_check_master.c:457:P:Core Tests:test_check_all_msgs:52: Passed
F:\ProjectExt\check-vs\check\tests\check_check_master.c:457:P:Core Tests:test_check_all_msgs:53: Passed
F:\ProjectExt\check-vs\check\tests\check_check_master.c:457:P:Core Tests:test_check_all_msgs:54: Passed
F:\ProjectExt\check-vs\check\tests\check_check_master.c:457:P:Core Tests:test_check_all_msgs:55: Passed
F:\ProjectExt\check-vs\check\tests\check_check_master.c:485:P:Core Tests:test_check_all_ftypes:0: Passed
F:\ProjectExt\check-vs\check\tests\check_check_master.c:485:P:Core Tests:test_check_all_ftypes:1: Passed
F:\ProjectExt\check-vs\check\tests\check_check_master.c:485:P:Core Tests:test_check_all_ftypes:2: Passed
F:\ProjectExt\check-vs\check\tests\check_check_master.c:485:P:Core Tests:test_check_all_ftypes:3: Passed
F:\ProjectExt\check-vs\check\tests\check_check_master.c:485:P:Core Tests:test_check_all_ftypes:4: Passed
F:\ProjectExt\check-vs\check\tests\check_check_master.c:485:P:Core Tests:test_check_all_ftypes:5: Passed
F:\ProjectExt\check-vs\check\tests\check_check_master.c:485:P:Core Tests:test_check_all_ftypes:6: Passed
F:\ProjectExt\check-vs\check\tests\check_check_master.c:485:P:Core Tests:test_check_all_ftypes:7: Passed
F:\ProjectExt\check-vs\check\tests\check_check_master.c:485:P:Core Tests:test_check_all_ftypes:8: Passed
F:\ProjectExt\check-vs\check\tests\check_check_master.c:485:P:Core Tests:test_check_all_ftypes:9: Passed
F:\ProjectExt\check-vs\check\tests\check_check_master.c:485:P:Core Tests:test_check_all_ftypes:10: Passed
F:\ProjectExt\check-vs\check\tests\check_check_master.c:485:P:Core Tests:test_check_all_ftypes:11: Passed
F:\ProjectExt\check-vs\check\tests\check_check_master.c:485:P:Core Tests:test_check_all_ftypes:12: Passed
F:\ProjectExt\check-vs\check\tests\check_check_master.c:485:P:Core Tests:test_check_all_ftypes:13: Passed
F:\ProjectExt\check-vs\check\tests\check_check_master.c:485:P:Core Tests:test_check_all_ftypes:14: Passed
F:\ProjectExt\check-vs\check\tests\check_check_master.c:485:P:Core Tests:test_check_all_ftypes:15: Passed
F:\ProjectExt\check-vs\check\tests\check_check_master.c:485:P:Core Tests:test_check_all_ftypes:16: Passed
F:\ProjectExt\check-vs\check\tests\check_check_master.c:485:P:Core Tests:test_check_all_ftypes:17: Passed
F:\ProjectExt\check-vs\check\tests\check_check_master.c:485:P:Core Tests:test_check_all_ftypes:18: Passed
F:\ProjectExt\check-vs\check\tests\check_check_master.c:485:P:Core Tests:test_check_all_ftypes:19: Passed
F:\ProjectExt\check-vs\check\tests\check_check_master.c:485:P:Core Tests:test_check_all_ftypes:20: Passed
F:\ProjectExt\check-vs\check\tests\check_check_master.c:485:P:Core Tests:test_check_all_ftypes:21: Passed
F:\ProjectExt\check-vs\check\tests\check_check_master.c:485:P:Core Tests:test_check_all_ftypes:22: Passed
F:\ProjectExt\check-vs\check\tests\check_check_master.c:485:P:Core Tests:test_check_all_ftypes:23: Passed
F:\ProjectExt\check-vs\check\tests\check_check_master.c:485:P:Core Tests:test_check_all_ftypes:24: Passed
F:\ProjectExt\check-vs\check\tests\check_check_master.c:485:P:Core Tests:test_check_all_ftypes:25: Passed
F:\ProjectExt\check-vs\check\tests\check_check_master.c:485:P:Core Tests:test_check_all_ftypes:26: Passed
F:\ProjectExt\check-vs\check\tests\check_check_master.c:485:P:Core Tests:test_check_all_ftypes:27: Passed
F:\ProjectExt\check-vs\check\tests\check_check_master.c:485:P:Core Tests:test_check_all_ftypes:28: Passed
F:\ProjectExt\check-vs\check\tests\check_check_master.c:485:P:Core Tests:test_check_all_ftypes:29: Passed
F:\ProjectExt\check-vs\check\tests\check_check_master.c:485:P:Core Tests:test_check_all_ftypes:30: Passed
F:\ProjectExt\check-vs\check\tests\check_check_master.c:485:P:Core Tests:test_check_all_ftypes:31: Passed
F:\ProjectExt\check-vs\check\tests\check_check_master.c:485:P:Core Tests:test_check_all_ftypes:32: Passed
F:\ProjectExt\check-vs\check\tests\check_check_master.c:485:P:Core Tests:test_check_all_ftypes:33: Passed
F:\ProjectExt\check-vs\check\tests\check_check_master.c:485:P:Core Tests:test_check_all_ftypes:34: Passed
F:\ProjectExt\check-vs\check\tests\check_check_master.c:485:P:Core Tests:test_check_all_ftypes:35: Passed
F:\ProjectExt\check-vs\check\tests\check_check_master.c:485:P:Core Tests:test_check_all_ftypes:36: Passed
F:\ProjectExt\check-vs\check\tests\check_check_master.c:485:P:Core Tests:test_check_all_ftypes:37: Passed
F:\ProjectExt\check-vs\check\tests\check_check_master.c:485:P:Core Tests:test_check_all_ftypes:38: Passed
F:\ProjectExt\check-vs\check\tests\check_check_master.c:485:P:Core Tests:test_check_all_ftypes:39: Passed
F:\ProjectExt\check-vs\check\tests\check_check_master.c:485:P:Core Tests:test_check_all_ftypes:40: Passed
F:\ProjectExt\check-vs\check\tests\check_check_master.c:485:P:Core Tests:test_check_all_ftypes:41: Passed
F:\ProjectExt\check-vs\check\tests\check_check_master.c:485:P:Core Tests:test_check_all_ftypes:42: Passed
F:\ProjectExt\check-vs\check\tests\check_check_master.c:485:P:Core Tests:test_check_all_ftypes:43: Passed
F:\ProjectExt\check-vs\check\tests\check_check_master.c:485:P:Core Tests:test_check_all_ftypes:44: Passed
F:\ProjectExt\check-vs\check\tests\check_check_master.c:485:P:Core Tests:test_check_all_ftypes:45: Passed
F:\ProjectExt\check-vs\check\tests\check_check_master.c:485:P:Core Tests:test_check_all_ftypes:46: Passed
F:\ProjectExt\check-vs\check\tests\check_check_master.c:485:P:Core Tests:test_check_all_ftypes:47: Passed
F:\ProjectExt\check-vs\check\tests\check_check_master.c:485:P:Core Tests:test_check_all_ftypes:48: Passed
F:\ProjectExt\check-vs\check\tests\check_check_master.c:485:P:Core Tests:test_check_all_ftypes:49: Passed
F:\ProjectExt\check-vs\check\tests\check_check_master.c:485:P:Core Tests:test_check_all_ftypes:50: Passed
F:\ProjectExt\check-vs\check\tests\check_check_master.c:485:P:Core Tests:test_check_all_ftypes:51: Passed
F:\ProjectExt\check-vs\check\tests\check_check_master.c:485:P:Core Tests:test_check_all_ftypes:52: Passed
F:\ProjectExt\check-vs\check\tests\check_check_master.c:485:P:Core Tests:test_check_all_ftypes:53: Passed
F:\ProjectExt\check-vs\check\tests\check_check_master.c:485:P:Core Tests:test_check_all_ftypes:54: Passed
F:\ProjectExt\check-vs\check\tests\check_check_master.c:485:P:Core Tests:test_check_all_ftypes:55: Passed
F:\ProjectExt\check-vs\check\tests\check_check_master.c:498:P:Fixture Setup Tests:test_setup:0: Passed
F:\ProjectExt\check-vs\check\tests\check_check_master.c:511:P:Fixture Teardown Tests:test_teardown:0: Passed
F:\ProjectExt\check-vs\check\tests\check_check_log.c:61:P:Core:test_set_log:0: Passed
F:\ProjectExt\check-vs\check\tests\check_check_log.c:106:P:Core:test_no_set_log:0: Passed
F:\ProjectExt\check-vs\check\tests\check_check_log.c:121:P:Core:test_double_set_log:0: Passed
F:\ProjectExt\check-vs\check\tests\check_check_log.c:137:P:Core XML:test_set_xml:0: Passed
F:\ProjectExt\check-vs\check\tests\check_check_log.c:182:P:Core XML:test_no_set_xml:0: Passed
F:\ProjectExt\check-vs\check\tests\check_check_log.c:197:P:Core XML:test_double_set_xml:0: Passed
F:\ProjectExt\check-vs\check\tests\check_check_log.c:212:P:Core TAP:test_set_tap:0: Passed
F:\ProjectExt\check-vs\check\tests\check_check_log.c:257:P:Core TAP:test_no_set_tap:0: Passed
F:\ProjectExt\check-vs\check\tests\check_check_log.c:272:P:Core TAP:test_double_set_tap:0: Passed
F:\ProjectExt\check-vs\check\tests\check_check_fork.c:99:P:Core:test_default_fork:0: Passed
F:\ProjectExt\check-vs\check\tests\check_check_fork.c:108:P:Core:test_set_nofork:0: Passed
F:\ProjectExt\check-vs\check\tests\check_check_fork.c:149:P:Core:test_nofork:0: Passed
<end of output>
Test time =   0.22 sec
----------------------------------------------------------
Test Passed.
"check_check_export" end time: Jun 08 19:08 Belarus Standard Time
"check_check_export" time elapsed: 00:00:00
----------------------------------------------------------

End testing: Jun 08 19:08 Belarus Standard Time
